<?xml version="1.0" encoding="UTF-8"?>
<!-- Generated by org.testng.reporters.JUnitXMLReporter -->
<testsuite ignored="0" hostname="DESKTOP-4LIQ7JK" failures="0" tests="5" name="Default test" time="124.425" errors="0" timestamp="2024-03-26T18:01:06 EDT">
  <testcase classname="TestPack.test1" name="printTranscriptAsPDF" time="84.366"/>
  <testcase classname="TestPack.test1" name="addingCalendarEvents" time="14.757"/>
  <testcase classname="TestPack.test1" name="downloadingClassroomGuide" time="3.155"/>
  <testcase classname="TestPack.test1" name="downloadingDataset" time="4.334"/>
  <testcase classname="TestPack.test1" name="academicCalendarAccess" time="11.647"/>
</testsuite> <!-- Default test -->
