<?xml version="1.0" encoding="UTF-8"?>
<testng-results ignored="0" total="5" passed="5" failed="0" skipped="0">
  <reporter-output>
  </reporter-output>
  <suite started-at="2024-03-26T17:59:02 EDT" name="Default suite" finished-at="2024-03-26T18:01:06 EDT" duration-ms="124425">
    <groups>
    </groups>
    <test started-at="2024-03-26T17:59:02 EDT" name="Default test" finished-at="2024-03-26T18:01:06 EDT" duration-ms="124425">
      <class name="TestPack.test1">
        <test-method is-config="true" signature="setUpSuite()[pri:0, instance:TestPack.test1@327514f]" started-at="2024-03-26T17:59:01 EDT" name="setUpSuite" finished-at="2024-03-26T17:59:02 EDT" duration-ms="299" status="PASS">
          <reporter-output>
          </reporter-output>
        </test-method> <!-- setUpSuite -->
        <test-method is-config="true" signature="setUp()[pri:0, instance:TestPack.test1@327514f]" started-at="2024-03-26T17:59:02 EDT" name="setUp" finished-at="2024-03-26T17:59:03 EDT" duration-ms="1815" status="PASS">
          <reporter-output>
          </reporter-output>
        </test-method> <!-- setUp -->
        <test-method signature="printTranscriptAsPDF()[pri:1, instance:TestPack.test1@327514f]" started-at="2024-03-26T17:59:03 EDT" name="printTranscriptAsPDF" finished-at="2024-03-26T18:00:28 EDT" duration-ms="84366" status="PASS">
          <reporter-output>
          </reporter-output>
        </test-method> <!-- printTranscriptAsPDF -->
        <test-method is-config="true" signature="tearDown()[pri:0, instance:TestPack.test1@327514f]" started-at="2024-03-26T18:00:28 EDT" name="tearDown" finished-at="2024-03-26T18:00:28 EDT" duration-ms="0" status="PASS">
          <reporter-output>
          </reporter-output>
        </test-method> <!-- tearDown -->
        <test-method is-config="true" signature="setUp()[pri:0, instance:TestPack.test1@327514f]" started-at="2024-03-26T18:00:28 EDT" name="setUp" finished-at="2024-03-26T18:00:29 EDT" duration-ms="1060" status="PASS">
          <reporter-output>
          </reporter-output>
        </test-method> <!-- setUp -->
        <test-method signature="addingCalendarEvents()[pri:2, instance:TestPack.test1@327514f]" started-at="2024-03-26T18:00:29 EDT" name="addingCalendarEvents" finished-at="2024-03-26T18:00:44 EDT" duration-ms="14757" status="PASS">
          <reporter-output>
          </reporter-output>
        </test-method> <!-- addingCalendarEvents -->
        <test-method is-config="true" signature="tearDown()[pri:0, instance:TestPack.test1@327514f]" started-at="2024-03-26T18:00:44 EDT" name="tearDown" finished-at="2024-03-26T18:00:44 EDT" duration-ms="1" status="PASS">
          <reporter-output>
          </reporter-output>
        </test-method> <!-- tearDown -->
        <test-method is-config="true" signature="setUp()[pri:0, instance:TestPack.test1@327514f]" started-at="2024-03-26T18:00:44 EDT" name="setUp" finished-at="2024-03-26T18:00:45 EDT" duration-ms="1076" status="PASS">
          <reporter-output>
          </reporter-output>
        </test-method> <!-- setUp -->
        <test-method signature="downloadingClassroomGuide()[pri:3, instance:TestPack.test1@327514f]" started-at="2024-03-26T18:00:45 EDT" name="downloadingClassroomGuide" finished-at="2024-03-26T18:00:48 EDT" duration-ms="3155" status="PASS">
          <reporter-output>
          </reporter-output>
        </test-method> <!-- downloadingClassroomGuide -->
        <test-method is-config="true" signature="tearDown()[pri:0, instance:TestPack.test1@327514f]" started-at="2024-03-26T18:00:48 EDT" name="tearDown" finished-at="2024-03-26T18:00:48 EDT" duration-ms="1" status="PASS">
          <reporter-output>
          </reporter-output>
        </test-method> <!-- tearDown -->
        <test-method is-config="true" signature="setUp()[pri:0, instance:TestPack.test1@327514f]" started-at="2024-03-26T18:00:48 EDT" name="setUp" finished-at="2024-03-26T18:00:49 EDT" duration-ms="897" status="PASS">
          <reporter-output>
          </reporter-output>
        </test-method> <!-- setUp -->
        <test-method signature="downloadingDataset()[pri:4, instance:TestPack.test1@327514f]" started-at="2024-03-26T18:00:49 EDT" name="downloadingDataset" finished-at="2024-03-26T18:00:53 EDT" duration-ms="4334" status="PASS">
          <reporter-output>
          </reporter-output>
        </test-method> <!-- downloadingDataset -->
        <test-method is-config="true" signature="tearDown()[pri:0, instance:TestPack.test1@327514f]" started-at="2024-03-26T18:00:53 EDT" name="tearDown" finished-at="2024-03-26T18:00:53 EDT" duration-ms="0" status="PASS">
          <reporter-output>
          </reporter-output>
        </test-method> <!-- tearDown -->
        <test-method is-config="true" signature="setUp()[pri:0, instance:TestPack.test1@327514f]" started-at="2024-03-26T18:00:53 EDT" name="setUp" finished-at="2024-03-26T18:00:54 EDT" duration-ms="1206" status="PASS">
          <reporter-output>
          </reporter-output>
        </test-method> <!-- setUp -->
        <test-method signature="academicCalendarAccess()[pri:5, instance:TestPack.test1@327514f]" started-at="2024-03-26T18:00:54 EDT" name="academicCalendarAccess" finished-at="2024-03-26T18:01:06 EDT" duration-ms="11647" status="PASS">
          <reporter-output>
          </reporter-output>
        </test-method> <!-- academicCalendarAccess -->
        <test-method is-config="true" signature="tearDown()[pri:0, instance:TestPack.test1@327514f]" started-at="2024-03-26T18:01:06 EDT" name="tearDown" finished-at="2024-03-26T18:01:06 EDT" duration-ms="0" status="PASS">
          <reporter-output>
          </reporter-output>
        </test-method> <!-- tearDown -->
        <test-method is-config="true" signature="tearDownSuite()[pri:0, instance:TestPack.test1@327514f]" started-at="2024-03-26T18:01:06 EDT" name="tearDownSuite" finished-at="2024-03-26T18:01:07 EDT" duration-ms="534" status="PASS">
          <reporter-output>
          </reporter-output>
        </test-method> <!-- tearDownSuite -->
      </class> <!-- TestPack.test1 -->
    </test> <!-- Default test -->
  </suite> <!-- Default suite -->
</testng-results>
